<?xml version="1.0" encoding="UTF-8"?>
<!-- Generated by org.testng.reporters.JUnitReportReporter -->
<testsuite skipped="0" hostname="DESKTOP-E3M957M" name="automationframework.Jenkinsdemo" tests="1" failures="0" timestamp="12 Nov 2017 08:21:08 GMT" time="0.006" errors="0">
  <testcase name="Test" time="0.006" classname="automationframework.Jenkinsdemo"/>
</testsuite> <!-- automationframework.Jenkinsdemo -->
