<?xml version="1.0" encoding="UTF-8"?>
<!-- Generated by org.testng.reporters.JUnitReportReporter -->
<testsuite skipped="0" hostname="DESKTOP-E3M957M" name="automationframework.NewTest" tests="1" failures="0" timestamp="06 Sep 2017 15:23:48 GMT" time="0.000" errors="0">
  <testcase name="f" time="0.000" classname="automationframework.NewTest"/>
</testsuite> <!-- automationframework.NewTest -->
